15:10:46.944 request:
1 > POST https://devapi.deposit-book.com/login
1 > Accept-Encoding: gzip,deflate
1 > Connection: Keep-Alive
1 > Content-Length: 143
1 > Content-Type: application/json; charset=UTF-8
1 > Host: devapi.deposit-book.com
1 > User-Agent: Apache-HttpClient/4.5.5 (Java/1.8.0_211)
1 > origin: https://devclient.deposit-book.com
{"grant_type": "password","application_id": "sHPPirW86SuOwDOfhxmag1fZ9oRCpHFS24wrZj00","username": "abtestcd@test.com","password": "abcd1234@"}

15:10:47.784 response time in milliseconds: 833.68
1 < 200
1 < Access-Control-Allow-Origin: https://devclient.deposit-book.com
1 < Allow: POST, OPTIONS
1 < Connection: keep-alive
1 < Content-Length: 1493
1 < Content-Security-Policy: default-src 'self'
1 < Content-Type: application/json
1 < Date: Mon, 20 Jan 2020 09:40:47 GMT
1 < Server: Apache
1 < Strict-Transport-Security: max-age=31536000; includeSubDomains; preload
1 < Vary: Origin
1 < X-Content-Type-Options: nosniff
1 < X-Frame-Options: SAMEORIGIN
1 < X-XSS-Protection: 1; mode=block
{"type":"success","shortDescription":"User Logged in","longDescription":"User logged in successfully","success":"User Logged in","success_message":"User logged in successfully","data":{"access_token":"K9EDh34cmrrRa1HVomrj5Gqv21hGfp","expires_in":31536000,"token_type":"Bearer","scope":"read write","refresh_token":"aqxxyXAjRxhR3sepFnBS3KhzqLCL9C","user":{"id":"c42e3fb2-5c64-4f67-ac69-e25ef5b2669b","created_at":"2019-12-02T09:25:07.105985","email":"abtestcd@test.com","first_name":"abtestcd","last_name":"last","is_deleted":false,"is_email_verified":true,"last_login":"2020-01-20T09:39:02.103840","landline_country_code":"us","landline_number":"4565656","mobile_country_code":"us","mobile_number":"4565656","stakeholder_type":"CLIENT","stakeholder_id":"fa797845-e723-40f5-bb8a-aeb4c4dee5b6","role":"USER","designation":"test","is_active":true,"is_approved":true,"reg_status":"Completed","onb_status":"Completed"},"associated_custodian":{"id":"46534eb8-7bae-4d94-bc3d-ada3905d5e29","name":"Bank of Singapore","country_of_incorporation":"Singapore","logo_url":"https://encrypted-tbn0.gstatic.com/images?q=tbn:ANd9GcSY_IFK0yFjkRJ5EewtIR6iT9t8-gkR5OqbUn_sFzmyIB5VdG-ltA","moodys_rating":"Aaa"},"stakeholder":{"id":"fa797845-e723-40f5-bb8a-aeb4c4dee5b6","client_id":"242762801839","name":"test","country_of_incorporation":"American Samoa","logo_url":null,"category":"WEALTH MANAGEMENT","is_verified":true,"is_onboarded":true,"partner_revealed_count":17,"created_on":"2019-12-02T09:25:06.914767"}}}

15:10:47.800 [print] K9EDh34cmrrRa1HVomrj5Gqv21hGfp
15:10:47.816 request:
2 > POST https://devapi.deposit-book.com/reverseQueries
2 > Accept-Encoding: gzip,deflate
2 > Authorization: Bearer K9EDh34cmrrRa1HVomrj5Gqv21hGfp
2 > Connection: Keep-Alive
2 > Content-Length: 498
2 > Content-Type: application/json; charset=UTF-8
2 > Host: devapi.deposit-book.com
2 > User-Agent: Apache-HttpClient/4.5.5 (Java/1.8.0_211)
2 > origin: https://devclient.deposit-book.com
{"amount" : "10000000","min_interest_rate" : "5.2","currency" : "USD","tenor_value"    : "14","tenor_type" : "DAYS","deposit_type" : "FIXED_DEPOSIT","partner_list" : ["15116d09-1461-4c66-a650-af73850fadde","95f04b2e-4b08-4076-a5da-ba8931296724","18c12c7f-6b15-4d81-a521-ec56c7916d98","70bff4ec-e196-438f-aff1-8aab7a1787b6","eaf071fe-ce8e-4529-99a9-698031e237a5","ac731d54-8316-4ac9-9c1f-280af2942442","51acff7b-e56e-4d8e-9abd-3df5d204d426"],"message" : "","valid_upto" : "2020-01-22T06:30:00.000Z"}

15:10:48.342 response time in milliseconds: 518.58
2 < 200
2 < Access-Control-Allow-Origin: https://devclient.deposit-book.com
2 < Allow: GET, POST, HEAD, OPTIONS
2 < Connection: keep-alive
2 < Content-Length: 1167
2 < Content-Security-Policy: default-src 'self'
2 < Content-Type: application/json
2 < Date: Mon, 20 Jan 2020 09:40:47 GMT
2 < Server: Apache
2 < Strict-Transport-Security: max-age=31536000; includeSubDomains; preload
2 < Vary: Origin
2 < X-Content-Type-Options: nosniff
2 < X-Frame-Options: SAMEORIGIN
2 < X-XSS-Protection: 1; mode=block
{"type":"success","shortDescription":"Reverse Query Is Generated","longDescription":"Reverse Query Is Generated","success":"Reverse Query Is Generated","success_message":"Reverse Query Is Generated","data":{"Email":"Email Sent Successfully","reverseQuery":{"id":"7fd70d56-b006-47ae-ae2b-a4e1b855d8df","client":{"id":"fa797845-e723-40f5-bb8a-aeb4c4dee5b6","client_id":"242762801839","name":"test","country_of_incorporation":"American Samoa","logo_url":null,"category":"WEALTH MANAGEMENT","is_verified":true,"is_onboarded":true,"partner_revealed_count":17,"created_on":"2019-12-02T09:25:06.914767"},"final_partner":null,"created_on":"2020-01-20T09:40:47.794816","rfn":"266761873144","amount":"10000000.00","currency":"USD","tenor_value":14,"tenor_type":"DAYS","deposit_type":"FIXED_DEPOSIT","min_interest_rate":"5.20","is_completed":false,"completed_at":null,"valid_upto":"2020-01-22T06:30:00","message":"","is_expired":false,"expired_at":null,"is_approved":false,"approved_at":null,"is_rejected":false,"rejected_at":null,"rejection_note":null,"updated_on":"2020-01-20T09:40:47.794993","status":"In-progress","completed_by":null,"approved_by":null,"rejected_by":null}}}

